
[1.0.2020 11:47:26] Redirecting server running on port 1112
[1.0.2020 11:47:26] Server running on port 2222
[1.0.2020 11:47:54] 
Method: GET
Path:   /
Body:   {}
---
[1.0.2020 11:48:6] 
Method: GET
Path:   /socket.io/socket.io.js
Body:   {}
---
[1.0.2020 11:50:41] Redirecting server running on port 1112
[1.0.2020 11:50:41] Server running on port 2222
[1.0.2020 11:50:44] 
Method: GET
Path:   /socket.io/socket.io.js
Body:   {}
---
[1.0.2020 11:50:45] 
Method: GET
Path:   /socket.io/socket.io.js
Body:   {}
---
[1.0.2020 11:52:42] Redirecting server running on port 1112
[1.0.2020 11:52:42] Server running on port 2222
[1.0.2020 11:52:46] 
Method: GET
Path:   /socket.io/socket.io.js
Body:   {}
---
[1.0.2020 11:54:28] Redirecting server running on port 1112
[1.0.2020 11:54:28] Server running on port 2222
[1.0.2020 11:54:31] 
Method: GET
Path:   /favicon.ico
Body:   {}
---